0 info it worked if it ends with ok
1 verbose cli [ 'node', '/usr/local/bin/npm', 'start' ]
2 info using npm@3.3.6
3 info using node@v0.10.26
4 verbose run-script [ 'prestart', 'start', 'poststart' ]
5 info lifecycle my-portfolio@0.0.1~prestart: my-portfolio@0.0.1
6 silly lifecycle my-portfolio@0.0.1~prestart: no script for prestart, continuing
7 info lifecycle my-portfolio@0.0.1~start: my-portfolio@0.0.1
8 verbose lifecycle my-portfolio@0.0.1~start: unsafe-perm in lifecycle true
9 verbose lifecycle my-portfolio@0.0.1~start: PATH: /usr/local/lib/node_modules/npm/bin/node-gyp-bin:/Users/me/Desktop/Web Dev/OpenShift/portfolio/node_modules/.bin:/Library/Frameworks/Python.framework/Versions/3.4/bin:/usr/local/mysql/bin:/usr/local/heroku/bin:/Applications/Postgres93.app/Contents/MacOS/bin:/usr/bin:/bin:/usr/sbin:/sbin:/usr/local/bin:/opt/X11/bin:/usr/local/git/bin:/usr/local/MacGPG2/bin
10 verbose lifecycle my-portfolio@0.0.1~start: CWD: /Users/me/Desktop/Web Dev/OpenShift/portfolio
11 silly lifecycle my-portfolio@0.0.1~start: Args: [ '-c', 'node server.js' ]
12 silly lifecycle my-portfolio@0.0.1~start: Returned: code: 8  signal: null
13 info lifecycle my-portfolio@0.0.1~start: Failed to exec start script
14 verbose stack Error: my-portfolio@0.0.1 start: `node server.js`
14 verbose stack Exit status 8
14 verbose stack     at EventEmitter.<anonymous> (/usr/local/lib/node_modules/npm/lib/utils/lifecycle.js:233:16)
14 verbose stack     at EventEmitter.emit (events.js:98:17)
14 verbose stack     at ChildProcess.<anonymous> (/usr/local/lib/node_modules/npm/lib/utils/spawn.js:24:14)
14 verbose stack     at ChildProcess.EventEmitter.emit (events.js:98:17)
14 verbose stack     at maybeClose (child_process.js:743:16)
14 verbose stack     at Process.ChildProcess._handle.onexit (child_process.js:810:5)
15 verbose pkgid my-portfolio@0.0.1
16 verbose cwd /Users/me/Desktop/Web Dev/OpenShift/portfolio
17 error Darwin 15.0.0
18 error argv "node" "/usr/local/bin/npm" "start"
19 error node v0.10.26
20 error npm  v3.3.6
21 error code ELIFECYCLE
22 error my-portfolio@0.0.1 start: `node server.js`
22 error Exit status 8
23 error Failed at the my-portfolio@0.0.1 start script 'node server.js'.
23 error This is most likely a problem with the my-portfolio package,
23 error not with npm itself.
23 error Tell the author that this fails on your system:
23 error     node server.js
23 error You can get their info via:
23 error     npm owner ls my-portfolio
23 error There is likely additional logging output above.
24 verbose exit [ 1, true ]
